<?xml version="1.0" encoding="UTF-8"?>
<testng-results ignored="0" total="1" passed="1" failed="0" skipped="0">
  <reporter-output>
  </reporter-output>
  <suite started-at="2024-06-11T11:10:40 IST" name="Surefire suite" finished-at="2024-06-11T11:10:51 IST" duration-ms="10978">
    <groups>
    </groups>
    <test started-at="2024-06-11T11:10:40 IST" name="Surefire test" finished-at="2024-06-11T11:10:51 IST" duration-ms="10978">
      <class name="com.amazon.HomePageTest">
        <test-method is-config="true" signature="beforeTest()[pri:0, instance:com.amazon.HomePageTest@279ad2e3]" started-at="2024-06-11T11:10:40 IST" name="beforeTest" finished-at="2024-06-11T11:10:46 IST" duration-ms="5745" status="PASS">
          <reporter-output>
          </reporter-output>
        </test-method> <!-- beforeTest -->
        <test-method signature="goToHomePageTest()[pri:0, instance:com.amazon.HomePageTest@279ad2e3]" started-at="2024-06-11T11:10:46 IST" name="goToHomePageTest" finished-at="2024-06-11T11:10:51 IST" duration-ms="5025" status="PASS">
          <reporter-output>
          </reporter-output>
        </test-method> <!-- goToHomePageTest -->
        <test-method is-config="true" signature="afterTest()[pri:0, instance:com.amazon.HomePageTest@279ad2e3]" started-at="2024-06-11T11:10:51 IST" name="afterTest" finished-at="2024-06-11T11:10:51 IST" duration-ms="137" status="PASS">
          <reporter-output>
          </reporter-output>
        </test-method> <!-- afterTest -->
      </class> <!-- com.amazon.HomePageTest -->
    </test> <!-- Surefire test -->
  </suite> <!-- Surefire suite -->
</testng-results>
